2020-10-10 11:48:47,263 [Worker-8: Loading available Gradle versions] INFO  o.e.b.c.i.u.g.PublishedGradleVersions - Gradle version information cache is up-to-date. Trying to read.
2020-10-10 12:14:55,592 [Worker-1: Loading available Gradle versions] INFO  o.e.b.c.i.u.g.PublishedGradleVersions - Gradle version information cache is up-to-date. Trying to read.
2020-10-14 18:48:38,735 [Worker-5: Loading available Gradle versions] INFO  o.e.b.c.i.u.g.PublishedGradleVersions - Gradle version information cache is up-to-date. Trying to read.
2020-10-16 09:21:56,566 [Worker-1: Loading available Gradle versions] INFO  o.e.b.c.i.u.g.PublishedGradleVersions - Gradle version information cache is up-to-date. Trying to read.
2020-10-16 09:28:11,988 [Worker-3: Loading available Gradle versions] INFO  o.e.b.c.i.u.g.PublishedGradleVersions - Gradle version information cache is up-to-date. Trying to read.
2020-11-01 10:02:27,661 [Worker-5: Loading available Gradle versions] INFO  o.e.b.c.i.u.g.PublishedGradleVersions - Gradle version information cache is up-to-date. Trying to read.
2020-11-19 08:47:12,907 [Worker-3: Loading available Gradle versions] INFO  o.e.b.c.i.u.g.PublishedGradleVersions - Gradle version information cache is up-to-date. Trying to read.
2020-11-19 09:03:09,943 [Worker-1: Creating maven-archetype-quickstart] INFO  o.e.m.c.i.p.ProjectConfigurationManager - Collecting project info '/pom.xml' /home/qkessler/Documents/AppMusic/AppMusicMaven/pom.xml
2020-11-19 09:03:12,151 [Worker-1: Creating maven-archetype-quickstart] INFO  o.e.m.c.i.l.LifecycleMappingFactory - Using org.eclipse.m2e.jdt.JarLifecycleMapping lifecycle mapping for MavenProject: umu.tds.apps:AppMusicMaven:0.0.1-SNAPSHOT @ /home/qkessler/Documents/AppMusic/AppMusicMaven/pom.xml.
2020-11-19 09:03:12,893 [Worker-1: Creating maven-archetype-quickstart] INFO  o.e.m.j.i.AbstractJavaProjectConfigurator - Adding source folder /AppMusicMaven/src/main/java
2020-11-19 09:03:12,895 [Worker-1: Creating maven-archetype-quickstart] INFO  o.e.m.j.i.AbstractJavaProjectConfigurator - Adding source folder /AppMusicMaven/src/test/java
2020-11-19 09:03:12,915 [Worker-1: Creating maven-archetype-quickstart] INFO  o.e.m.c.i.p.ProjectConfigurationManager - Imported and configured 1 project(s) in 2 sec
2020-11-19 09:03:13,170 [Worker-21: Building] INFO  o.e.m.c.i.embedder.EclipseLogger - Using 'UTF-8' encoding to copy filtered resources.
2020-11-19 09:03:13,170 [Worker-21: Building] INFO  o.e.m.c.i.embedder.EclipseLogger - skip non existing resourceDirectory /home/qkessler/Documents/AppMusic/AppMusicMaven/src/main/resources
2020-11-19 09:03:13,171 [Worker-21: Building] INFO  o.e.m.c.i.embedder.EclipseLogger - Using 'UTF-8' encoding to copy filtered resources.
2020-11-19 09:03:13,171 [Worker-21: Building] INFO  o.e.m.c.i.embedder.EclipseLogger - skip non existing resourceDirectory /home/qkessler/Documents/AppMusic/AppMusicMaven/src/test/resources
2020-11-19 09:04:43,860 [Worker-21: Creating maven-archetype-quickstart] INFO  o.e.m.c.i.p.ProjectConfigurationManager - Collecting project info '/pom.xml' /home/qkessler/Documents/AppMusic/AppMusicMaven/pom.xml
2020-11-19 09:04:44,050 [Worker-21: Creating maven-archetype-quickstart] INFO  o.e.m.c.i.l.LifecycleMappingFactory - Using org.eclipse.m2e.jdt.JarLifecycleMapping lifecycle mapping for MavenProject: umu.tds.apps:AppMusicMaven:0.0.1-SNAPSHOT @ /home/qkessler/Documents/AppMusic/AppMusicMaven/pom.xml.
2020-11-19 09:04:44,430 [Worker-21: Creating maven-archetype-quickstart] INFO  o.e.m.j.i.AbstractJavaProjectConfigurator - Adding source folder /AppMusicMaven/src/main/java
2020-11-19 09:04:44,431 [Worker-21: Creating maven-archetype-quickstart] INFO  o.e.m.j.i.AbstractJavaProjectConfigurator - Adding source folder /AppMusicMaven/src/test/java
2020-11-19 09:04:44,438 [Worker-21: Creating maven-archetype-quickstart] INFO  o.e.m.c.i.p.ProjectConfigurationManager - Imported and configured 1 project(s) in 0 sec
2020-11-19 09:04:44,709 [Worker-24: Building] INFO  o.e.m.c.i.embedder.EclipseLogger - Using 'UTF-8' encoding to copy filtered resources.
2020-11-19 09:04:44,710 [Worker-24: Building] INFO  o.e.m.c.i.embedder.EclipseLogger - skip non existing resourceDirectory /home/qkessler/Documents/AppMusic/AppMusicMaven/src/main/resources
2020-11-19 09:04:44,711 [Worker-24: Building] INFO  o.e.m.c.i.embedder.EclipseLogger - Using 'UTF-8' encoding to copy filtered resources.
2020-11-19 09:04:44,711 [Worker-24: Building] INFO  o.e.m.c.i.embedder.EclipseLogger - skip non existing resourceDirectory /home/qkessler/Documents/AppMusic/AppMusicMaven/src/test/resources
2020-11-19 09:06:27,022 [Worker-22: Launching Executing test in _home_qkessler_Documents_AppMusic_AppMusicMaven] INFO  o.e.m.i.launch.MavenLaunchDelegate - /home/qkessler/Documents/AppMusic/AppMusicMaven
2020-11-19 09:06:27,023 [Worker-22: Launching Executing test in _home_qkessler_Documents_AppMusic_AppMusicMaven] INFO  o.e.m.i.launch.MavenLaunchDelegate -  mvn -B -s /etc/maven/settings.xml test
2020-11-19 09:06:28,765 [Worker-24: Building] INFO  o.e.m.c.i.embedder.EclipseLogger - Using 'UTF-8' encoding to copy filtered resources.
2020-11-19 09:06:28,765 [Worker-24: Building] INFO  o.e.m.c.i.embedder.EclipseLogger - skip non existing resourceDirectory /home/qkessler/Documents/AppMusic/AppMusicMaven/src/main/resources
2020-11-19 09:06:28,770 [Worker-24: Building] INFO  o.e.m.c.i.embedder.EclipseLogger - Using 'UTF-8' encoding to copy filtered resources.
2020-11-19 09:06:28,770 [Worker-24: Building] INFO  o.e.m.c.i.embedder.EclipseLogger - skip non existing resourceDirectory /home/qkessler/Documents/AppMusic/AppMusicMaven/src/test/resources
2020-11-19 11:43:25,238 [Worker-7: Loading available Gradle versions] INFO  o.e.b.c.i.u.g.PublishedGradleVersions - Gradle version information cache is up-to-date. Trying to read.
2020-11-19 11:59:37,022 [Worker-11: Importing Maven projects] INFO  o.e.m.c.i.l.LifecycleMappingFactory - Using org.eclipse.m2e.jdt.JarLifecycleMapping lifecycle mapping for MavenProject: umu.tds.apps:AppMusicMaven:1.0-SNAPSHOT @ /home/qkessler/Documents/AppMusic/AppMusicMaven/pom.xml.
2020-11-19 11:59:37,289 [Worker-11: Importing Maven projects] INFO  o.e.m.j.i.AbstractJavaProjectConfigurator - Adding source folder /AppMusicMaven/src/main/java
2020-11-19 11:59:37,290 [Worker-11: Importing Maven projects] INFO  o.e.m.j.i.AbstractJavaProjectConfigurator - Adding source folder /AppMusicMaven/src/test/java
2020-11-19 11:59:37,308 [Worker-11: Importing Maven projects] INFO  o.e.m.c.i.p.ProjectConfigurationManager - Imported and configured 1 project(s) in 0 sec
2020-11-19 11:59:37,919 [Worker-22: Building] WARN  o.e.m.c.i.embedder.EclipseLogger - Using platform encoding (UTF-8 actually) to copy filtered resources, i.e. build is platform dependent!
2020-11-19 11:59:37,920 [Worker-22: Building] INFO  o.e.m.c.i.embedder.EclipseLogger - skip non existing resourceDirectory /home/qkessler/Documents/AppMusic/AppMusicMaven/src/main/resources
2020-11-19 11:59:37,922 [Worker-22: Building] WARN  o.e.m.c.i.embedder.EclipseLogger - Using platform encoding (UTF-8 actually) to copy filtered resources, i.e. build is platform dependent!
2020-11-19 11:59:37,922 [Worker-22: Building] INFO  o.e.m.c.i.embedder.EclipseLogger - skip non existing resourceDirectory /home/qkessler/Documents/AppMusic/AppMusicMaven/src/test/resources
2020-11-19 11:59:50,306 [Worker-21: Launching Executing test in _home_qkessler_Documents_AppMusic_AppMusicMaven] INFO  o.e.m.i.launch.MavenLaunchDelegate - /home/qkessler/Documents/AppMusic/AppMusicMaven
2020-11-19 11:59:50,307 [Worker-21: Launching Executing test in _home_qkessler_Documents_AppMusic_AppMusicMaven] INFO  o.e.m.i.launch.MavenLaunchDelegate -  mvn -B -s /etc/maven/settings.xml test
2020-11-19 11:59:51,905 [Worker-23: Building] WARN  o.e.m.c.i.embedder.EclipseLogger - Using platform encoding (UTF-8 actually) to copy filtered resources, i.e. build is platform dependent!
2020-11-19 11:59:51,906 [Worker-23: Building] INFO  o.e.m.c.i.embedder.EclipseLogger - skip non existing resourceDirectory /home/qkessler/Documents/AppMusic/AppMusicMaven/src/main/resources
2020-11-19 11:59:51,908 [Worker-23: Building] WARN  o.e.m.c.i.embedder.EclipseLogger - Using platform encoding (UTF-8 actually) to copy filtered resources, i.e. build is platform dependent!
2020-11-19 11:59:51,909 [Worker-23: Building] INFO  o.e.m.c.i.embedder.EclipseLogger - skip non existing resourceDirectory /home/qkessler/Documents/AppMusic/AppMusicMaven/src/test/resources
